[  5776.825] 
X.Org X Server 1.21.1.3
X Protocol Version 11, Revision 0
[  5776.825] Current Operating System: Linux archiso 5.17.1-arch1-1 #1 SMP PREEMPT Mon, 28 Mar 2022 20:55:33 +0000 x86_64
[  5776.825] Kernel command line: initrd=\arch\boot\intel-ucode.img initrd=\arch\boot\amd-ucode.img initrd=\arch\boot\x86_64\initramfs-linux.img archisobasedir=arch archisolabel=ARCH_202204
[  5776.826]  
[  5776.826] Current version of pixman: 0.40.0
[  5776.827] 	Before reporting problems, check http://wiki.x.org
	to make sure that you have the latest version.
[  5776.827] Markers: (--) probed, (**) from config file, (==) default setting,
	(++) from command line, (!!) notice, (II) informational,
	(WW) warning, (EE) error, (NI) not implemented, (??) unknown.
[  5776.828] (==) Log file: "/home/user/.local/share/xorg/Xorg.0.log", Time: Fri Apr 15 11:20:22 2022
[  5776.828] (==) Using config directory: "/etc/X11/xorg.conf.d"
[  5776.828] (==) Using system config directory "/usr/share/X11/xorg.conf.d"
[  5776.828] (==) No Layout section.  Using the first Screen section.
[  5776.828] (==) No screen section available. Using defaults.
[  5776.828] (**) |-->Screen "Default Screen Section" (0)
[  5776.828] (**) |   |-->Monitor "<default monitor>"
[  5776.828] (==) No monitor specified for screen "Default Screen Section".
	Using a default monitor configuration.
[  5776.828] (==) Automatically adding devices
[  5776.828] (==) Automatically enabling devices
[  5776.828] (==) Automatically adding GPU devices
[  5776.828] (==) Automatically binding GPU devices
[  5776.828] (==) Max clients allowed: 256, resource mask: 0x1fffff
[  5776.828] (WW) The directory "/usr/share/fonts/misc" does not exist.
[  5776.828] 	Entry deleted from font path.
[  5776.828] (WW) The directory "/usr/share/fonts/TTF" does not exist.
[  5776.828] 	Entry deleted from font path.
[  5776.828] (WW) The directory "/usr/share/fonts/OTF" does not exist.
[  5776.828] 	Entry deleted from font path.
[  5776.828] (WW) The directory "/usr/share/fonts/Type1" does not exist.
[  5776.828] 	Entry deleted from font path.
[  5776.828] (WW) The directory "/usr/share/fonts/100dpi" does not exist.
[  5776.828] 	Entry deleted from font path.
[  5776.828] (WW) The directory "/usr/share/fonts/75dpi" does not exist.
[  5776.828] 	Entry deleted from font path.
[  5776.828] (==) FontPath set to:
	
[  5776.828] (==) ModulePath set to "/usr/lib/xorg/modules"
[  5776.828] (II) The server relies on udev to provide the list of input devices.
	If no devices become available, reconfigure udev or disable AutoAddDevices.
[  5776.828] (II) Module ABI versions:
[  5776.828] 	X.Org ANSI C Emulation: 0.4
[  5776.828] 	X.Org Video Driver: 25.2
[  5776.828] 	X.Org XInput driver : 24.4
[  5776.828] 	X.Org Server Extension : 10.0
[  5776.829] (EE) dbus-core: error connecting to system bus: org.freedesktop.DBus.Error.NoReply (Did not receive a reply. Possible causes include: the remote application did not send a reply, the message bus security policy blocked the reply, the reply timeout expired, or the network connection was broken.)
[  5776.829] (++) using VT number 1

[  5776.830] (II) xfree86: Adding drm device (/dev/dri/card0)
[  5776.830] (II) Platform probe for /sys/devices/pci0000:00/0000:00:01.0/0000:01:00.0/drm/card0
[  5776.831] (--) PCI:*(1@0:0:0) 10de:1381:3842:2753 rev 162, Mem @ 0xf6000000/16777216, 0xe0000000/268435456, 0xf0000000/33554432, I/O @ 0x0000e000/128, BIOS @ 0x????????/131072
[  5776.831] (WW) Open ACPI failed (/var/run/acpid.socket) (No such file or directory)
[  5776.831] (II) LoadModule: "glx"
[  5776.831] (II) Loading /usr/lib/xorg/modules/extensions/libglx.so
[  5776.833] (II) Module glx: vendor="X.Org Foundation"
[  5776.833] 	compiled for 1.21.1.3, module version = 1.0.0
[  5776.833] 	ABI class: X.Org Server Extension, version 10.0
[  5776.833] (==) Matched nouveau as autoconfigured driver 0
[  5776.833] (==) Matched nv as autoconfigured driver 1
[  5776.833] (==) Matched modesetting as autoconfigured driver 2
[  5776.833] (==) Matched fbdev as autoconfigured driver 3
[  5776.833] (==) Matched vesa as autoconfigured driver 4
[  5776.833] (==) Assigned the driver to the xf86ConfigLayout
[  5776.833] (II) LoadModule: "nouveau"
[  5776.833] (WW) Warning, couldn't open module nouveau
[  5776.833] (EE) Failed to load module "nouveau" (module does not exist, 0)
[  5776.833] (II) LoadModule: "nv"
[  5776.833] (WW) Warning, couldn't open module nv
[  5776.833] (EE) Failed to load module "nv" (module does not exist, 0)
[  5776.833] (II) LoadModule: "modesetting"
[  5776.833] (II) Loading /usr/lib/xorg/modules/drivers/modesetting_drv.so
[  5776.833] (II) Module modesetting: vendor="X.Org Foundation"
[  5776.833] 	compiled for 1.21.1.3, module version = 1.21.1
[  5776.833] 	Module class: X.Org Video Driver
[  5776.833] 	ABI class: X.Org Video Driver, version 25.2
[  5776.833] (II) LoadModule: "fbdev"
[  5776.834] (WW) Warning, couldn't open module fbdev
[  5776.834] (EE) Failed to load module "fbdev" (module does not exist, 0)
[  5776.834] (II) LoadModule: "vesa"
[  5776.834] (WW) Warning, couldn't open module vesa
[  5776.834] (EE) Failed to load module "vesa" (module does not exist, 0)
[  5776.834] (II) modesetting: Driver for Modesetting Kernel Drivers: kms
[  5776.834] (EE) 
Fatal server error:
[  5776.834] (EE) xf86OpenConsole: Cannot open virtual console 1 (Permission denied)
[  5776.834] (EE) 
[  5776.834] (EE) 
Please consult the The X.Org Foundation support 
	 at http://wiki.x.org
 for help. 
[  5776.835] (EE) Please also check the log file at "/home/user/.local/share/xorg/Xorg.0.log" for additional information.
[  5776.836] (EE) 
[  5776.836] (WW) xf86CloseConsole: KDSETMODE failed: Bad file descriptor
[  5776.836] (WW) xf86CloseConsole: VT_GETMODE failed: Bad file descriptor
[  5776.836] (EE) Server terminated with error (1). Closing log file.
